2025-02-23 12:07:41,043 [INFO] Activator:176 - 


2025-02-23 12:07:41,049 [INFO] Activator:177 - !SESSION log4j initialized
2025-02-23 12:07:45,154 [INFO] LogOutputStream:77 - [STDOUT_REDIRECT] 
2025-02-23 12:07:46,827 [INFO] ApplicationProperties:184 - Using Application install path: C:\ST\STM32CubeIDE_1.17.0\STM32CubeIDE\plugins\com.st.stm32cube.common.mx_6.13.0.202411220809
2025-02-23 12:07:46,837 [INFO] DbMcusXml:78 - Set database path to: C:\ST\STM32CubeIDE_1.17.0\STM32CubeIDE\plugins\com.st.stm32cube.common.mx_6.13.0.202411220809\\db\/mcu/
2025-02-23 12:07:46,838 [INFO] ApiDb:274 - Set plugin database path to: C:\ST\STM32CubeIDE_1.17.0\STM32CubeIDE\plugins\com.st.stm32cube.common.mx_6.13.0.202411220809\\db\/plugins/boardmanager/
2025-02-23 12:07:46,838 [WARN] ApiDb:259 - Overriding images path with different value:  => C:\ST\STM32CubeIDE_1.17.0\STM32CubeIDE\plugins\com.st.stm32cube.common.mx_6.13.0.202411220809\\db\/plugins/mcufinder/images/
2025-02-23 12:07:46,843 [INFO] ApiDb:250 - Set database path to: C:\Users\Ivo\.stmcufinder\plugins\mcufinder//mcu/
2025-02-23 12:07:46,844 [INFO] DbMcusAds:125 - Set database path to: C:\Users\Ivo\.stmcufinder\plugins\mcufinder//mcu/
2025-02-23 12:07:46,846 [INFO] CrossReferenceDbSqlite:203 - Set database path to: C:\Users\Ivo\.stmcufinder\plugins\mcufinder//mcu/cs/
2025-02-23 12:07:46,907 [INFO] RulesReader:64 - Compatibility file has been processed (297 Rules)
2025-02-23 12:07:46,981 [INFO] DbMcusXml:78 - Set database path to: C:\ST\STM32CubeIDE_1.17.0\STM32CubeIDE\plugins\com.st.stm32cube.common.mx_6.13.0.202411220809\\db\/mcu/
2025-02-23 12:07:46,981 [INFO] ApiDb:274 - Set plugin database path to: C:\ST\STM32CubeIDE_1.17.0\STM32CubeIDE\plugins\com.st.stm32cube.common.mx_6.13.0.202411220809\\db\/plugins/boardmanager/
2025-02-23 12:07:46,981 [INFO] ApiDb:261 - Set plugin images path to: C:\ST\STM32CubeIDE_1.17.0\STM32CubeIDE\plugins\com.st.stm32cube.common.mx_6.13.0.202411220809\\db\/plugins/mcufinder/images/
2025-02-23 12:07:46,981 [WARN] DbFile:41 - Overriding database path with different value: C:\Users\Ivo\.stmcufinder\plugins\mcufinder/ => C:\Users\Ivo\.stmcufinder\plugins\mcufinder
2025-02-23 12:07:46,981 [INFO] ApiDb:250 - Set database path to: C:\Users\Ivo\.stmcufinder\plugins\mcufinder//mcu/
2025-02-23 12:07:46,981 [WARN] DbFile:41 - Overriding database path with different value: C:\Users\Ivo\.stmcufinder\plugins\mcufinder/ => C:\Users\Ivo\.stmcufinder\plugins\mcufinder
2025-02-23 12:07:46,981 [INFO] DbMcusAds:125 - Set database path to: C:\Users\Ivo\.stmcufinder\plugins\mcufinder//mcu/
2025-02-23 12:07:46,981 [WARN] DbFile:41 - Overriding database path with different value: C:\Users\Ivo\.stmcufinder\plugins\mcufinder/ => C:\Users\Ivo\.stmcufinder\plugins\mcufinder
2025-02-23 12:07:46,981 [WARN] DbFile:41 - Overriding database path with different value: C:\Users\Ivo\.stmcufinder\plugins\mcufinder/ => C:\Users\Ivo\.stmcufinder\plugins\mcufinder
2025-02-23 12:07:46,981 [INFO] CrossReferenceDbSqlite:203 - Set database path to: C:\Users\Ivo\.stmcufinder\plugins\mcufinder//mcu/cs/
2025-02-23 12:07:47,033 [INFO] MainPanel:272 - HeapMemory: 268435456
2025-02-23 12:07:47,103 [INFO] DbMcusXml:78 - Set database path to: C:\ST\STM32CubeIDE_1.17.0\STM32CubeIDE\plugins\com.st.stm32cube.common.mx_6.13.0.202411220809\\db\/mcu/
2025-02-23 12:07:47,103 [INFO] ApiDb:274 - Set plugin database path to: C:\ST\STM32CubeIDE_1.17.0\STM32CubeIDE\plugins\com.st.stm32cube.common.mx_6.13.0.202411220809\\db\/plugins/boardmanager/
2025-02-23 12:07:47,103 [INFO] ApiDb:261 - Set plugin images path to: C:\ST\STM32CubeIDE_1.17.0\STM32CubeIDE\plugins\com.st.stm32cube.common.mx_6.13.0.202411220809\\db\/plugins/mcufinder/images/
2025-02-23 12:07:47,103 [WARN] DbFile:41 - Overriding database path with different value: C:\Users\Ivo\.stmcufinder\plugins\mcufinder/ => C:\Users\Ivo\.stmcufinder\plugins\mcufinder
2025-02-23 12:07:47,103 [INFO] ApiDb:250 - Set database path to: C:\Users\Ivo\.stmcufinder\plugins\mcufinder//mcu/
2025-02-23 12:07:47,103 [WARN] DbFile:41 - Overriding database path with different value: C:\Users\Ivo\.stmcufinder\plugins\mcufinder/ => C:\Users\Ivo\.stmcufinder\plugins\mcufinder
2025-02-23 12:07:47,103 [INFO] DbMcusAds:125 - Set database path to: C:\Users\Ivo\.stmcufinder\plugins\mcufinder//mcu/
2025-02-23 12:07:47,103 [WARN] DbFile:41 - Overriding database path with different value: C:\Users\Ivo\.stmcufinder\plugins\mcufinder/ => C:\Users\Ivo\.stmcufinder\plugins\mcufinder
2025-02-23 12:07:47,103 [WARN] DbFile:41 - Overriding database path with different value: C:\Users\Ivo\.stmcufinder\plugins\mcufinder/ => C:\Users\Ivo\.stmcufinder\plugins\mcufinder
2025-02-23 12:07:47,103 [INFO] CrossReferenceDbSqlite:203 - Set database path to: C:\Users\Ivo\.stmcufinder\plugins\mcufinder//mcu/cs/
2025-02-23 12:07:47,116 [INFO] ApplicationProperties:184 - Using Application install path: C:\ST\STM32CubeIDE_1.17.0\STM32CubeIDE\plugins\com.st.stm32cube.common.mx_6.13.0.202411220809
2025-02-23 12:07:47,117 [INFO] PluginManage:196 - Search for loadable plugins [exclusion list=, ]
2025-02-23 12:07:47,118 [INFO] PluginManage:310 - Check plugin analytics
2025-02-23 12:07:47,243 [INFO] AnalyticsPlugin:253 - Accepted Software Licenses: 
2025-02-23 12:07:47,243 [INFO] AnalyticsPlugin:255 - Accepted CMSIS Pack Licenses: STMicroelectronics.X-CUBE-AZRTOS-F4.1.1.0
2025-02-23 12:07:47,243 [INFO] AnalyticsPlugin:257 - Accepted Firmware Licenses: FW.F4.1.28.0
2025-02-23 12:07:47,246 [INFO] PluginManage:359 - Loaded plugin analytics (category:tool,tabindex:-1)
2025-02-23 12:07:47,247 [INFO] PluginManage:310 - Check plugin cadmodel
2025-02-23 12:07:47,251 [INFO] CADModel:105 - Init CAD model plugin
2025-02-23 12:07:47,251 [INFO] PluginManage:359 - Loaded plugin cadmodel (category:power,tabindex:5)
2025-02-23 12:07:47,253 [INFO] PluginManage:310 - Check plugin clock
2025-02-23 12:07:47,262 [INFO] PluginManage:359 - Loaded plugin clock (category:base,tabindex:2)
2025-02-23 12:07:47,262 [INFO] PluginManage:310 - Check plugin ddr
2025-02-23 12:07:47,264 [INFO] PluginManage:359 - Loaded plugin ddr (category:tool,tabindex:6)
2025-02-23 12:07:47,264 [INFO] PluginManage:310 - Check plugin filemanager
2025-02-23 12:07:47,362 [INFO] PluginManage:359 - Loaded plugin filemanager (category:base,tabindex:10)
2025-02-23 12:07:47,362 [INFO] PluginManage:310 - Check plugin ipmanager
2025-02-23 12:07:47,368 [INFO] PluginManage:359 - Loaded plugin ipmanager (category:base,tabindex:5)
2025-02-23 12:07:47,368 [INFO] PluginManage:310 - Check plugin lpbam
2025-02-23 12:07:47,374 [INFO] PluginManage:359 - Loaded plugin lpbam (category:base,tabindex:0)
2025-02-23 12:07:47,374 [INFO] PluginManage:310 - Check plugin memorymap
2025-02-23 12:07:47,383 [INFO] PluginManage:359 - Loaded plugin memorymap (category:base,tabindex:4)
2025-02-23 12:07:47,383 [INFO] PluginManage:310 - Check plugin pinoutandconfiguration
2025-02-23 12:07:47,388 [INFO] PluginManage:359 - Loaded plugin pinoutandconfiguration (category:base,tabindex:1)
2025-02-23 12:07:47,388 [INFO] PluginManage:310 - Check plugin pinoutconfig
2025-02-23 12:07:47,449 [WARN] SupportedApi:132 - Cannot load RTOS API schema: s4s-elt-must-match.1: The content of 'definitions' must match (annotation?, (simpleType | complexType)?, (unique | key | keyref)*)). A problem was found starting at: attribute.
2025-02-23 12:07:47,538 [INFO] PluginManage:359 - Loaded plugin pinoutconfig (category:base,tabindex:0)
2025-02-23 12:07:47,538 [INFO] PluginManage:310 - Check plugin power
2025-02-23 12:07:47,544 [INFO] PluginManage:359 - Loaded plugin power (category:power,tabindex:4)
2025-02-23 12:07:47,544 [INFO] PluginManage:310 - Check plugin projectmanager
2025-02-23 12:07:47,554 [INFO] PluginManage:359 - Loaded plugin projectmanager (category:projectmanager,tabindex:4)
2025-02-23 12:07:47,554 [INFO] PluginManage:310 - Check plugin rif
2025-02-23 12:07:47,558 [INFO] PluginManage:359 - Loaded plugin rif (category:base,tabindex:3)
2025-02-23 12:07:47,558 [INFO] PluginManage:310 - Check plugin thirdparty
2025-02-23 12:07:47,646 [INFO] PluginManage:359 - Loaded plugin thirdparty (category:base,tabindex:-1)
2025-02-23 12:07:47,646 [WARN] IntegrityCheckThread:84 - waiting for thirdparty lock release [integrity check]
2025-02-23 12:07:47,646 [INFO] PluginManage:310 - Check plugin tools
2025-02-23 12:07:47,646 [INFO] IntegrityCheckThread:86 - entering critical section [integrity check]
2025-02-23 12:07:47,646 [INFO] ThirdPartyUpdaterWithRetryManager:70 - Updater plugin not ready yet. [1/15]
2025-02-23 12:07:47,647 [INFO] PluginManage:359 - Loaded plugin tools (category:base,tabindex:7)
2025-02-23 12:07:47,647 [INFO] PluginManage:310 - Check plugin tutovideos
2025-02-23 12:07:47,756 [INFO] PluginManage:359 - Loaded plugin tutovideos (category:base,tabindex:-1)
2025-02-23 12:07:47,756 [INFO] PluginManage:310 - Check plugin updater
2025-02-23 12:07:47,770 [INFO] PluginManage:359 - Loaded plugin updater (category:base,tabindex:12)
2025-02-23 12:07:47,770 [INFO] PluginManage:310 - Check plugin userauth
2025-02-23 12:07:47,772 [INFO] UserAuth:118 - Init User Auth plugin
2025-02-23 12:07:47,772 [INFO] PluginManage:359 - Loaded plugin userauth (category:base,tabindex:14)
2025-02-23 12:07:47,773 [INFO] PluginManage:283 - PluginManage : Loaded plugins [18]
2025-02-23 12:07:47,903 [INFO] PinOutPanel:1589 - setPackage(No Configuration,No Configuration)
2025-02-23 12:07:47,963 [INFO] CADModel:165 - CPN selected for project level
2025-02-23 12:07:47,963 [INFO] CADModel:114 - Register for checkConnection events
2025-02-23 12:07:47,974 [INFO] IPUIPlugin:80 - create IPUIPlugin
2025-02-23 12:07:47,974 [INFO] PluginManager:220 - loadIPPluginJar : add adc
2025-02-23 12:07:47,976 [INFO] IPUIPlugin:80 - create IPUIPlugin
2025-02-23 12:07:47,976 [INFO] PluginManager:220 - loadIPPluginJar : add aes
2025-02-23 12:07:47,977 [INFO] IPUIPlugin:80 - create IPUIPlugin
2025-02-23 12:07:47,978 [INFO] PluginManager:220 - loadIPPluginJar : add can
2025-02-23 12:07:47,979 [INFO] IPUIPlugin:80 - create IPUIPlugin
2025-02-23 12:07:47,979 [INFO] PluginManager:220 - loadIPPluginJar : add comp
2025-02-23 12:07:47,980 [INFO] IPUIPlugin:80 - create IPUIPlugin
2025-02-23 12:07:47,981 [INFO] PluginManager:220 - loadIPPluginJar : add cryp
2025-02-23 12:07:47,982 [INFO] IPUIPlugin:80 - create IPUIPlugin
2025-02-23 12:07:47,982 [INFO] PluginManager:220 - loadIPPluginJar : add ddr_ctrl_phy
2025-02-23 12:07:47,985 [INFO] IPUIPlugin:80 - create IPUIPlugin
2025-02-23 12:07:47,985 [INFO] PluginManager:220 - loadIPPluginJar : add dfsdm
2025-02-23 12:07:47,988 [INFO] IPUIPlugin:80 - create IPUIPlugin
2025-02-23 12:07:47,988 [INFO] PluginManager:220 - loadIPPluginJar : add dma
2025-02-23 12:07:47,990 [INFO] IPUIPlugin:80 - create IPUIPlugin
2025-02-23 12:07:47,990 [INFO] PluginManager:220 - loadIPPluginJar : add dma3
2025-02-23 12:07:47,993 [INFO] IPUIPlugin:80 - create IPUIPlugin
2025-02-23 12:07:47,993 [INFO] PluginManager:220 - loadIPPluginJar : add extmemmanager
2025-02-23 12:07:47,993 [INFO] IPUIPlugin:80 - create IPUIPlugin
2025-02-23 12:07:47,993 [INFO] PluginManager:220 - loadIPPluginJar : add fatfs
2025-02-23 12:07:47,996 [INFO] IPUIPlugin:80 - create IPUIPlugin
2025-02-23 12:07:47,997 [INFO] PluginManager:220 - loadIPPluginJar : add fmc
2025-02-23 12:07:48,000 [INFO] IPUIPlugin:80 - create IPUIPlugin
2025-02-23 12:07:48,000 [INFO] PluginManager:220 - loadIPPluginJar : add freertos
2025-02-23 12:07:48,000 [INFO] IPUIPlugin:80 - create IPUIPlugin
2025-02-23 12:07:48,000 [INFO] PluginManager:220 - loadIPPluginJar : add genericplugin
2025-02-23 12:07:48,001 [INFO] IPUIPlugin:80 - create IPUIPlugin
2025-02-23 12:07:48,001 [INFO] PluginManager:220 - loadIPPluginJar : add gfxmmu
2025-02-23 12:07:48,005 [INFO] IPUIPlugin:80 - create IPUIPlugin
2025-02-23 12:07:48,005 [INFO] PluginManager:220 - loadIPPluginJar : add gic
2025-02-23 12:07:48,007 [INFO] IPUIPlugin:80 - create IPUIPlugin
2025-02-23 12:07:48,007 [INFO] PluginManager:220 - loadIPPluginJar : add gpio
2025-02-23 12:07:48,008 [INFO] IPUIPlugin:80 - create IPUIPlugin
2025-02-23 12:07:48,008 [INFO] PluginManager:220 - loadIPPluginJar : add gtzc
2025-02-23 12:07:48,011 [INFO] IPUIPlugin:80 - create IPUIPlugin
2025-02-23 12:07:48,011 [INFO] PluginManager:220 - loadIPPluginJar : add hash
2025-02-23 12:07:48,012 [INFO] IPUIPlugin:80 - create IPUIPlugin
2025-02-23 12:07:48,013 [INFO] PluginManager:220 - loadIPPluginJar : add i2c
2025-02-23 12:07:48,014 [INFO] IPUIPlugin:80 - create IPUIPlugin
2025-02-23 12:07:48,014 [INFO] PluginManager:220 - loadIPPluginJar : add i2s
2025-02-23 12:07:48,016 [INFO] IPUIPlugin:80 - create IPUIPlugin
2025-02-23 12:07:48,017 [INFO] PluginManager:220 - loadIPPluginJar : add i3c
2025-02-23 12:07:48,019 [INFO] IPUIPlugin:80 - create IPUIPlugin
2025-02-23 12:07:48,019 [INFO] PluginManager:220 - loadIPPluginJar : add ipddr
2025-02-23 12:07:48,022 [INFO] IPUIPlugin:80 - create IPUIPlugin
2025-02-23 12:07:48,022 [INFO] PluginManager:220 - loadIPPluginJar : add linkedlist
2025-02-23 12:07:48,024 [INFO] IPUIPlugin:80 - create IPUIPlugin
2025-02-23 12:07:48,024 [INFO] PluginManager:220 - loadIPPluginJar : add lorawan
2025-02-23 12:07:48,026 [INFO] IPUIPlugin:80 - create IPUIPlugin
2025-02-23 12:07:48,026 [INFO] PluginManager:220 - loadIPPluginJar : add ltdc
2025-02-23 12:07:48,029 [INFO] IPUIPlugin:80 - create IPUIPlugin
2025-02-23 12:07:48,029 [INFO] PluginManager:220 - loadIPPluginJar : add mdma
2025-02-23 12:07:48,031 [INFO] IPUIPlugin:80 - create IPUIPlugin
2025-02-23 12:07:48,031 [INFO] PluginManager:220 - loadIPPluginJar : add nvic
2025-02-23 12:07:48,033 [INFO] IPUIPlugin:80 - create IPUIPlugin
2025-02-23 12:07:48,033 [INFO] PluginManager:220 - loadIPPluginJar : add opamp
2025-02-23 12:07:48,035 [INFO] IPUIPlugin:80 - create IPUIPlugin
2025-02-23 12:07:48,035 [INFO] PluginManager:220 - loadIPPluginJar : add openamp
2025-02-23 12:07:48,036 [INFO] IPUIPlugin:80 - create IPUIPlugin
2025-02-23 12:07:48,036 [INFO] PluginManager:220 - loadIPPluginJar : add pdm2pcm
2025-02-23 12:07:48,040 [INFO] IPUIPlugin:80 - create IPUIPlugin
2025-02-23 12:07:48,041 [INFO] PluginManager:220 - loadIPPluginJar : add plateformsettings
2025-02-23 12:07:48,043 [INFO] IPUIPlugin:80 - create IPUIPlugin
2025-02-23 12:07:48,043 [INFO] PluginManager:220 - loadIPPluginJar : add quadspi
2025-02-23 12:07:48,044 [INFO] IPUIPlugin:80 - create IPUIPlugin
2025-02-23 12:07:48,045 [INFO] PluginManager:220 - loadIPPluginJar : add radio
2025-02-23 12:07:48,047 [INFO] IPUIPlugin:80 - create IPUIPlugin
2025-02-23 12:07:48,047 [INFO] PluginManager:220 - loadIPPluginJar : add resmgrutility
2025-02-23 12:07:48,049 [INFO] IPUIPlugin:80 - create IPUIPlugin
2025-02-23 12:07:48,049 [INFO] PluginManager:220 - loadIPPluginJar : add sai
2025-02-23 12:07:48,050 [INFO] IPUIPlugin:80 - create IPUIPlugin
2025-02-23 12:07:48,050 [INFO] PluginManager:220 - loadIPPluginJar : add spi
2025-02-23 12:07:48,054 [INFO] IPUIPlugin:80 - create IPUIPlugin
2025-02-23 12:07:48,054 [INFO] PluginManager:220 - loadIPPluginJar : add stm32_wpan
2025-02-23 12:07:48,054 [INFO] IPUIPlugin:80 - create IPUIPlugin
2025-02-23 12:07:48,054 [INFO] PluginManager:220 - loadIPPluginJar : add tim
2025-02-23 12:07:48,057 [INFO] IPUIPlugin:80 - create IPUIPlugin
2025-02-23 12:07:48,057 [INFO] PluginManager:220 - loadIPPluginJar : add touchsensing
2025-02-23 12:07:48,058 [INFO] IPUIPlugin:80 - create IPUIPlugin
2025-02-23 12:07:48,058 [INFO] PluginManager:220 - loadIPPluginJar : add tracer_emb
2025-02-23 12:07:48,060 [INFO] IPUIPlugin:80 - create IPUIPlugin
2025-02-23 12:07:48,060 [INFO] PluginManager:220 - loadIPPluginJar : add ts
2025-02-23 12:07:48,062 [INFO] IPUIPlugin:80 - create IPUIPlugin
2025-02-23 12:07:48,062 [INFO] PluginManager:220 - loadIPPluginJar : add tsc
2025-02-23 12:07:48,062 [INFO] IPUIPlugin:80 - create IPUIPlugin
2025-02-23 12:07:48,062 [INFO] PluginManager:220 - loadIPPluginJar : add ucpd
2025-02-23 12:07:48,065 [INFO] IPUIPlugin:80 - create IPUIPlugin
2025-02-23 12:07:48,065 [INFO] PluginManager:220 - loadIPPluginJar : add usart
2025-02-23 12:07:48,066 [INFO] IPUIPlugin:80 - create IPUIPlugin
2025-02-23 12:07:48,067 [INFO] PluginManager:220 - loadIPPluginJar : add usbx
2025-02-23 12:07:48,173 [FATAL] Updater:351 - Updater called before beeing initialized
2025-02-23 12:07:48,187 [INFO] RulesReader:64 - Compatibility file has been processed (297 Rules)
2025-02-23 12:07:48,195 [INFO] RulesReader:64 - Compatibility file has been processed (297 Rules)
2025-02-23 12:07:48,200 [INFO] CADModel:165 - CPN selected for project level
2025-02-23 12:07:48,200 [INFO] CADModel:114 - Register for checkConnection events
2025-02-23 12:07:48,200 [FATAL] Updater:351 - Updater called before beeing initialized
2025-02-23 12:07:48,201 [ERROR] CADModel:125 - Updater not yet initialized, retry later 
2025-02-23 12:07:48,300 [FATAL] Updater:351 - Updater called before beeing initialized
2025-02-23 12:07:48,302 [INFO] CADModel:165 - CPN selected for project level
2025-02-23 12:07:48,302 [INFO] CADModel:114 - Register for checkConnection events
2025-02-23 12:07:48,302 [FATAL] Updater:351 - Updater called before beeing initialized
2025-02-23 12:07:48,302 [ERROR] CADModel:125 - Updater not yet initialized, retry later 
2025-02-23 12:07:48,303 [FATAL] Updater:351 - Updater called before beeing initialized
2025-02-23 12:07:48,390 [FATAL] Updater:351 - Updater called before beeing initialized
2025-02-23 12:07:48,394 [INFO] DbMcusAds:53 - JSON generation date=Tue Dec 17 17:01:15 CET 2024 (1734451275111)
2025-02-23 12:07:48,394 [FATAL] Updater:351 - Updater called before beeing initialized
2025-02-23 12:07:48,427 [WARN] DetailPanel:346 - Failed to get advertising image, set to default
2025-02-23 12:07:48,585 [FATAL] Updater:351 - Updater called before beeing initialized
2025-02-23 12:07:48,587 [FATAL] Updater:351 - Updater called before beeing initialized
2025-02-23 12:07:48,587 [FATAL] Updater:351 - Updater called before beeing initialized
2025-02-23 12:07:48,587 [WARN] DetailPanel:346 - Failed to get advertising image, set to default
2025-02-23 12:07:48,588 [FATAL] Updater:351 - Updater called before beeing initialized
2025-02-23 12:07:48,618 [ERROR] Updater:1198 - MainUpdater not yet initialized. External WinMGr cannot be set.
2025-02-23 12:07:48,620 [INFO] Updater:1134 - Updater Version found : 6.13.0
2025-02-23 12:07:48,630 [INFO] ApplicationProperties:184 - Using Application install path: C:\ST\STM32CubeIDE_1.17.0\STM32CubeIDE\plugins\com.st.stm32cube.common.mx_6.13.0.202411220809
2025-02-23 12:07:50,199 [ERROR] LogOutputStream:75 - [STDERR_REDIRECT] Feb 23, 2025 12:07:50 PM java.util.prefs.WindowsPreferences <init>
2025-02-23 12:07:50,200 [ERROR] LogOutputStream:75 - [STDERR_REDIRECT] WARNING: Could not open/create prefs root node Software\JavaSoft\Prefs at root 0xffffffff80000002. Windows RegCreateKeyEx(...) returned error code 5.
2025-02-23 12:07:50,200 [ERROR] LogOutputStream:75 - [STDERR_REDIRECT] 
2025-02-23 12:07:50,455 [INFO] MainUpdater:2872 - connection check result : 10
2025-02-23 12:07:50,455 [INFO] MainUpdater:3566 - Updater definition file requires update
2025-02-23 12:07:50,456 [INFO] MainUpdater:289 - Updater Check For Update Now.
2025-02-23 12:07:50,456 [INFO] MicroXplorer:498 - Change Database Version : DB.6.0.130
2025-02-23 12:07:50,458 [INFO] McuFinderGlobals:63 - Set McuFinder mode to 2 (CubeIDE integrated)
2025-02-23 12:07:50,460 [INFO] UserAuth:486 - Internet connection configuration mode: 1
2025-02-23 12:07:50,470 [INFO] JxBrowserEngine:152 - Initiate JxBrowser Engine with user profile folder
2025-02-23 12:07:50,529 [INFO] ServerAccessManage:473 - Download File updaters.zip
2025-02-23 12:07:50,575 [INFO] FileExtend:240 - Unzip File : updaters.zip
2025-02-23 12:07:50,575 [INFO] FileExtend:255 - Standard Zip Deflate
2025-02-23 12:07:50,648 [WARN] MainUpdater:1193 - Updater busy. Cannot search thirdparties
2025-02-23 12:07:50,648 [INFO] ThirdPartyUpdaterWithRetryManager:96 - Updater plugin is busy. [1/15]
2025-02-23 12:07:51,018 [INFO] ServerAccessManage:473 - Download File PacksControlFlags.xml
2025-02-23 12:07:51,104 [INFO] ServerAccessManage:473 - Download File cubemx.pidx
2025-02-23 12:07:51,179 [INFO] WebApp:168 - Instantiating new browser for Auth
2025-02-23 12:07:51,337 [INFO] LoadServerUpdatesThread:375 - End of LoadServerUpdate Thread
2025-02-23 12:07:51,477 [INFO] CheckServerUpdateThread:120 - End of CheckServer Thread
2025-02-23 12:07:51,807 [INFO] WebApp:449 - Apply proxy settings
2025-02-23 12:07:51,807 [INFO] WebApp:534 - Chromium requires no authentication
2025-02-23 12:07:51,827 [INFO] WebApp:477 - Direct internet connection detected
2025-02-23 12:07:51,863 [INFO] WebApp:880 - Register for checkConnection events
2025-02-23 12:07:51,863 [INFO] WebApp:449 - Apply proxy settings
2025-02-23 12:07:51,863 [INFO] WebApp:534 - Chromium requires no authentication
2025-02-23 12:07:51,863 [INFO] WebApp:477 - Direct internet connection detected
2025-02-23 12:07:51,993 [INFO] WebApp:187 - Connection restablished
2025-02-23 12:07:52,029 [INFO] WebApp:221 - Starting web application
2025-02-23 12:07:52,029 [INFO] WebApp:579 - Web application path used C:\ST\STM32CubeIDE_1.17.0\STM32CubeIDE\plugins\com.st.stm32cube.common.mx_6.13.0.202411220809\db\plugins\mcufinder\reactClient1\index.html
2025-02-23 12:07:52,081 [INFO] UserAuth:486 - Internet connection configuration mode: 1
2025-02-23 12:07:53,835 [WARN] PackLoader:240 - Cannot read IP mode file for STMicroelectronics.FP-SNS-MOTENVWB1.1.4.0
2025-02-23 12:07:53,840 [WARN] PackLoader:240 - Cannot read IP mode file for STMicroelectronics.FP-ATR-ASTRA1.2.0.1
2025-02-23 12:07:53,846 [WARN] PackLoader:240 - Cannot read IP mode file for STMicroelectronics.X-CUBE-SMBUS.2.1.0
2025-02-23 12:07:53,852 [WARN] PackLoader:240 - Cannot read IP mode file for STMicroelectronics.X-CUBE-WB05N.1.1.0
2025-02-23 12:07:53,867 [WARN] PackLoader:240 - Cannot read IP mode file for STMicroelectronics.X-CUBE-AZRTOS-F7.1.1.0
2025-02-23 12:07:53,871 [WARN] PackLoader:240 - Cannot read IP mode file for STMicroelectronics.FP-SNS-FLIGHT1.5.0.2
2025-02-23 12:07:53,884 [WARN] PackLoader:240 - Cannot read IP mode file for Infineon.AIROC-Wi-Fi-Bluetooth-STM32.1.7.0
2025-02-23 12:07:53,892 [WARN] PackLoader:240 - Cannot read IP mode file for STMicroelectronics.X-CUBE-DISPLAY.3.0.0
2025-02-23 12:07:53,898 [WARN] PackLoader:240 - Cannot read IP mode file for STMicroelectronics.X-CUBE-BLE1.7.0.0
2025-02-23 12:07:53,902 [WARN] PackLoader:240 - Cannot read IP mode file for STMicroelectronics.X-CUBE-NFC10.1.0.0
2025-02-23 12:07:53,907 [WARN] PackLoader:240 - Cannot read IP mode file for STMicroelectronics.X-CUBE-BLEMGR.4.0.0
2025-02-23 12:07:53,912 [WARN] PackLoader:240 - Cannot read IP mode file for emotas.I-CUBE-CANOPEN.1.3.0
2025-02-23 12:07:53,917 [WARN] PackLoader:240 - Cannot read IP mode file for STMicroelectronics.X-CUBE-AI.10.0.0
2025-02-23 12:07:53,920 [WARN] PackLoader:240 - Cannot read IP mode file for STMicroelectronics.FP-SNS-SMARTAG2.1.2.0
2025-02-23 12:07:53,941 [WARN] PackLoader:240 - Cannot read IP mode file for STMicroelectronics.X-CUBE-MEMS1.11.1.0
2025-02-23 12:07:54,014 [INFO] LogOutputStream:77 - [STDOUT_REDIRECT] 1 : Invalid condition id : UX_CORESTACK_Condition cause : null
2025-02-23 12:07:54,015 [INFO] LogOutputStream:77 - [STDOUT_REDIRECT] 1 : Invalid condition id : UX_CORESTACK_Condition cause : null
2025-02-23 12:07:54,016 [INFO] LogOutputStream:77 - [STDOUT_REDIRECT] 1 : Invalid condition id : UX_CORESTACK_Condition cause : null
2025-02-23 12:07:54,017 [INFO] LogOutputStream:77 - [STDOUT_REDIRECT] 1 : Invalid condition id : UX_CORESTACK_Condition cause : null
2025-02-23 12:07:54,018 [INFO] LogOutputStream:77 - [STDOUT_REDIRECT] 1 : Invalid condition id : UX_CORESTACK_Condition cause : null
2025-02-23 12:07:54,019 [WARN] PackLoader:240 - Cannot read IP mode file for STMicroelectronics.X-CUBE-AZRTOS-WL.2.0.0
2025-02-23 12:07:54,025 [WARN] PackLoader:240 - Cannot read IP mode file for STMicroelectronics.FP-SNS-MOTENV1.5.0.0
2025-02-23 12:07:54,028 [WARN] PackLoader:240 - Cannot read IP mode file for wolfSSL.I-CUBE-wolfMQTT.1.19.0
2025-02-23 12:07:54,033 [WARN] PackLoader:240 - Cannot read IP mode file for WES.I-CUBE-Cesium.1.3.0
2025-02-23 12:07:54,036 [WARN] PackLoader:240 - Cannot read IP mode file for STMicroelectronics.X-CUBE-BLE2.3.3.0
2025-02-23 12:07:54,040 [WARN] PackLoader:240 - Cannot read IP mode file for STMicroelectronics.X-CUBE-NFC9.1.0.0
2025-02-23 12:07:54,052 [WARN] PackLoader:240 - Cannot read IP mode file for STMicroelectronics.X-CUBE-AZRTOS-G0.1.1.0
2025-02-23 12:07:54,057 [WARN] PackLoader:240 - Cannot read IP mode file for STMicroelectronics.X-CUBE-SAFEA1.1.2.2
2025-02-23 12:07:54,061 [WARN] PackLoader:240 - Cannot read IP mode file for STMicroelectronics.X-CUBE-NFC4.3.0.0
2025-02-23 12:07:54,065 [WARN] PackLoader:240 - Cannot read IP mode file for EmbeddedOffice.I-CUBE-FS-RTOS.1.0.1
2025-02-23 12:07:54,068 [WARN] PackLoader:240 - Cannot read IP mode file for STMicroelectronics.X-CUBE-TCPP.4.2.0
2025-02-23 12:07:54,071 [WARN] PackLoader:240 - Cannot read IP mode file for RealThread.X-CUBE-RT-Thread_Nano.4.1.1
2025-02-23 12:07:54,073 [WARN] PackLoader:240 - Cannot read IP mode file for STMicroelectronics.FP-ATR-SIGFOX1.3.2.0
2025-02-23 12:07:54,075 [WARN] ConditionMgr:438 - getConditionDescription Invalid condition id : Cortex-A Device cause : null
2025-02-23 12:07:54,085 [WARN] ConditionMgr:1044 - genDependencies : Invalid condition id : Cortex-A Device cause : null
2025-02-23 12:07:54,085 [WARN] ConditionMgr:1044 - genDependencies : Invalid condition id : Cortex-A Device cause : null
2025-02-23 12:07:54,085 [WARN] ConditionMgr:1044 - genDependencies : Invalid condition id : Cortex-A Device cause : null
2025-02-23 12:07:54,088 [WARN] PackLoader:240 - Cannot read IP mode file for STMicroelectronics.X-CUBE-EEPRMA1.5.1.0
2025-02-23 12:07:54,091 [WARN] PackLoader:240 - Cannot read IP mode file for wolfSSL.I-CUBE-wolfSSL.5.7.6
2025-02-23 12:07:54,096 [WARN] PackLoader:240 - Cannot read IP mode file for ITTIA_DB.I-CUBE-ITTIADB.8.9.0
2025-02-23 12:07:54,107 [WARN] PackLoader:240 - Cannot read IP mode file for SEGGER.I-CUBE-embOS.1.3.1
2025-02-23 12:07:54,126 [WARN] PackLoader:240 - Cannot read IP mode file for STMicroelectronics.X-CUBE-ALGOBUILD.1.4.0
2025-02-23 12:07:54,136 [WARN] PackLoader:240 - Cannot read IP mode file for STMicroelectronics.X-CUBE-AZRTOS-F4.1.1.0
2025-02-23 12:07:54,253 [WARN] PackLoader:240 - Cannot read IP mode file for STMicroelectronics.X-CUBE-ISPU.2.1.0
2025-02-23 12:07:54,259 [WARN] PackLoader:240 - Cannot read IP mode file for STMicroelectronics.X-CUBE-AZRTOS-L5.2.0.0
2025-02-23 12:07:54,264 [WARN] PackLoader:240 - Cannot read IP mode file for STMicroelectronics.X-CUBE-NFC6.3.1.0
2025-02-23 12:07:54,269 [WARN] PackLoader:240 - Cannot read IP mode file for STMicroelectronics.X-CUBE-DPower.1.2.0
2025-02-23 12:07:54,272 [WARN] PackLoader:240 - Cannot read IP mode file for STMicroelectronics.X-CUBE-FREERTOS.1.3.0
2025-02-23 12:07:54,275 [WARN] PackLoader:240 - Cannot read IP mode file for STMicroelectronics.X-CUBE-NFC7.1.0.1
2025-02-23 12:07:54,281 [WARN] ConditionMgr:438 - getConditionDescription Invalid condition id : LAN8742 Phy interface Condition cause : null
2025-02-23 12:07:54,281 [WARN] PackLoader:240 - Cannot read IP mode file for STMicroelectronics.X-CUBE-AZRTOS-L4.2.0.0
2025-02-23 12:07:54,281 [WARN] ConditionMgr:1044 - genDependencies : Invalid condition id : LAN8742 Phy interface Condition cause : null
2025-02-23 12:07:54,281 [WARN] ConditionMgr:1044 - genDependencies : Invalid condition id : LAN8742 Phy interface Condition cause : null
2025-02-23 12:07:54,282 [WARN] ConditionMgr:1044 - genDependencies : Invalid condition id : LAN8742 Phy interface Condition cause : null
2025-02-23 12:07:54,287 [WARN] PackLoader:240 - Cannot read IP mode file for STMicroelectronics.X-CUBE-SFXS2LP1.4.0.0
2025-02-23 12:07:54,293 [WARN] PackLoader:240 - Cannot read IP mode file for STMicroelectronics.X-CUBE-AZRTOS-H7.3.3.0
2025-02-23 12:07:54,299 [WARN] ConditionMgr:438 - getConditionDescription Invalid condition id : UX DEVICE CLASS RTOS Condition cause : null
2025-02-23 12:07:54,299 [WARN] ConditionMgr:438 - getConditionDescription Invalid condition id : UX DEVICE CLASS RTOS Condition cause : null
2025-02-23 12:07:54,299 [WARN] PackLoader:240 - Cannot read IP mode file for STMicroelectronics.X-CUBE-AZRTOS-WB.2.0.0
2025-02-23 12:07:54,299 [WARN] ConditionMgr:1044 - genDependencies : Invalid condition id : UX DEVICE CLASS RTOS Condition cause : null
2025-02-23 12:07:54,300 [WARN] ConditionMgr:1044 - genDependencies : Invalid condition id : UX DEVICE CLASS RTOS Condition cause : null
2025-02-23 12:07:54,300 [WARN] ConditionMgr:1044 - genDependencies : Invalid condition id : UX DEVICE CLASS RTOS Condition cause : null
2025-02-23 12:07:54,300 [WARN] ConditionMgr:1044 - genDependencies : Invalid condition id : UX DEVICE CLASS RTOS Condition cause : null
2025-02-23 12:07:54,300 [WARN] ConditionMgr:1044 - genDependencies : Invalid condition id : UX DEVICE CLASS RTOS Condition cause : null
2025-02-23 12:07:54,303 [WARN] PackLoader:240 - Cannot read IP mode file for STMicroelectronics.X-CUBE-GNSS1.7.0.1
2025-02-23 12:07:54,306 [WARN] PackLoader:240 - Cannot read IP mode file for STMicroelectronics.FP-SNS-STBOX1.2.0.0
2025-02-23 12:07:54,312 [WARN] PackLoader:240 - Cannot read IP mode file for STMicroelectronics.X-CUBE-SUBG2.5.0.0
2025-02-23 12:07:54,317 [WARN] PackLoader:240 - Cannot read IP mode file for Cesanta.I-CUBE-Mongoose.7.13.0
2025-02-23 12:07:54,322 [WARN] PackLoader:240 - Cannot read IP mode file for STMicroelectronics.X-CUBE-AZRTOS-G4.2.0.0
2025-02-23 12:07:54,327 [WARN] PackLoader:240 - Cannot read IP mode file for STMicroelectronics.X-CUBE-IPS.3.1.0
2025-02-23 12:07:54,333 [WARN] PackLoader:240 - Cannot read IP mode file for STMicroelectronics.X-CUBE-ALS.1.0.2
2025-02-23 12:07:54,337 [WARN] PackLoader:240 - Cannot read IP mode file for STMicroelectronics.X-CUBE-TOUCHGFX.4.24.2
2025-02-23 12:07:54,339 [WARN] PackLoader:240 - Cannot read IP mode file for wolfSSL.I-CUBE-wolfTPM.3.4.0
2025-02-23 12:07:54,342 [WARN] PackLoader:240 - Cannot read IP mode file for portGmbH.I-Cube-SoM-uGOAL.1.1.0
2025-02-23 12:07:54,349 [WARN] PackLoader:240 - Cannot read IP mode file for STMicroelectronics.X-CUBE-AZRTOS-H7RS.1.0.0
2025-02-23 12:07:54,354 [WARN] PackLoader:240 - Cannot read IP mode file for STMicroelectronics.X-CUBE-TOF1.3.4.2
2025-02-23 12:07:54,360 [WARN] PackLoader:240 - Cannot read IP mode file for wolfSSL.I-CUBE-wolfSSH.1.4.17
2025-02-23 12:07:54,360 [INFO] ThirdParty:978 - Integrity check success = true
2025-02-23 12:07:54,360 [INFO] IntegrityCheckThread:100 - exiting critical section [integrity check]
2025-02-23 12:07:54,360 [INFO] IntegrityCheckThread:103 - End integrity checks thread
2025-02-23 18:18:00,431 [ERROR] AdobePublisher:162 - Exception while opening the connection: java.net.UnknownHostException: stmicroelectronics.d3.sc.omtrdc.net
2025-02-23 18:18:00,433 [ERROR] AdobePublisher:162 - Exception while opening the connection: java.net.UnknownHostException: stmicroelectronics.d3.sc.omtrdc.net
2025-02-23 18:18:00,434 [ERROR] AdobePublisher:162 - Exception while opening the connection: java.net.UnknownHostException: stmicroelectronics.d3.sc.omtrdc.net
2025-02-23 18:18:00,434 [ERROR] AdobePublisher:162 - Exception while opening the connection: java.net.UnknownHostException: stmicroelectronics.d3.sc.omtrdc.net
2025-02-23 18:18:00,435 [ERROR] AdobePublisher:162 - Exception while opening the connection: java.net.UnknownHostException: stmicroelectronics.d3.sc.omtrdc.net
2025-02-23 18:18:00,455 [ERROR] AdobePublisher:162 - Exception while opening the connection: java.net.UnknownHostException: stmicroelectronics.d3.sc.omtrdc.net
2025-02-23 18:18:00,455 [ERROR] AdobePublisher:162 - Exception while opening the connection: java.net.UnknownHostException: stmicroelectronics.d3.sc.omtrdc.net
2025-02-23 18:18:00,455 [ERROR] AdobePublisher:162 - Exception while opening the connection: java.net.UnknownHostException: stmicroelectronics.d3.sc.omtrdc.net
2025-02-23 18:18:00,456 [ERROR] AdobePublisher:162 - Exception while opening the connection: java.net.UnknownHostException: stmicroelectronics.d3.sc.omtrdc.net
2025-02-23 18:18:00,457 [ERROR] AdobePublisher:162 - Exception while opening the connection: java.net.UnknownHostException: stmicroelectronics.d3.sc.omtrdc.net
2025-02-23 18:18:01,387 [ERROR] LogOutputStream:75 - [STDERR_REDIRECT] 
