2025-01-31 16:21:30,535 [INFO] Activator:176 - 


2025-01-31 16:21:30,541 [INFO] Activator:177 - !SESSION log4j initialized
2025-01-31 16:21:34,779 [INFO] LogOutputStream:77 - [STDOUT_REDIRECT] 
2025-01-31 16:21:36,279 [INFO] ApplicationProperties:184 - Using Application install path: C:\ST\STM32CubeIDE_1.17.0\STM32CubeIDE\plugins\com.st.stm32cube.common.mx_6.13.0.202411220809
2025-01-31 16:21:36,289 [INFO] DbMcusXml:78 - Set database path to: C:\ST\STM32CubeIDE_1.17.0\STM32CubeIDE\plugins\com.st.stm32cube.common.mx_6.13.0.202411220809\\db\/mcu/
2025-01-31 16:21:36,289 [INFO] ApiDb:274 - Set plugin database path to: C:\ST\STM32CubeIDE_1.17.0\STM32CubeIDE\plugins\com.st.stm32cube.common.mx_6.13.0.202411220809\\db\/plugins/boardmanager/
2025-01-31 16:21:36,290 [WARN] ApiDb:259 - Overriding images path with different value:  => C:\ST\STM32CubeIDE_1.17.0\STM32CubeIDE\plugins\com.st.stm32cube.common.mx_6.13.0.202411220809\\db\/plugins/mcufinder/images/
2025-01-31 16:21:36,295 [INFO] ApiDb:250 - Set database path to: C:\Users\Ivo\.stmcufinder\plugins\mcufinder//mcu/
2025-01-31 16:21:36,295 [INFO] DbMcusAds:125 - Set database path to: C:\Users\Ivo\.stmcufinder\plugins\mcufinder//mcu/
2025-01-31 16:21:36,297 [INFO] CrossReferenceDbSqlite:203 - Set database path to: C:\Users\Ivo\.stmcufinder\plugins\mcufinder//mcu/cs/
2025-01-31 16:21:36,357 [INFO] RulesReader:64 - Compatibility file has been processed (297 Rules)
2025-01-31 16:21:36,426 [INFO] DbMcusXml:78 - Set database path to: C:\ST\STM32CubeIDE_1.17.0\STM32CubeIDE\plugins\com.st.stm32cube.common.mx_6.13.0.202411220809\\db\/mcu/
2025-01-31 16:21:36,426 [INFO] ApiDb:274 - Set plugin database path to: C:\ST\STM32CubeIDE_1.17.0\STM32CubeIDE\plugins\com.st.stm32cube.common.mx_6.13.0.202411220809\\db\/plugins/boardmanager/
2025-01-31 16:21:36,426 [INFO] ApiDb:261 - Set plugin images path to: C:\ST\STM32CubeIDE_1.17.0\STM32CubeIDE\plugins\com.st.stm32cube.common.mx_6.13.0.202411220809\\db\/plugins/mcufinder/images/
2025-01-31 16:21:36,426 [WARN] DbFile:41 - Overriding database path with different value: C:\Users\Ivo\.stmcufinder\plugins\mcufinder/ => C:\Users\Ivo\.stmcufinder\plugins\mcufinder
2025-01-31 16:21:36,426 [INFO] ApiDb:250 - Set database path to: C:\Users\Ivo\.stmcufinder\plugins\mcufinder//mcu/
2025-01-31 16:21:36,427 [WARN] DbFile:41 - Overriding database path with different value: C:\Users\Ivo\.stmcufinder\plugins\mcufinder/ => C:\Users\Ivo\.stmcufinder\plugins\mcufinder
2025-01-31 16:21:36,427 [INFO] DbMcusAds:125 - Set database path to: C:\Users\Ivo\.stmcufinder\plugins\mcufinder//mcu/
2025-01-31 16:21:36,427 [WARN] DbFile:41 - Overriding database path with different value: C:\Users\Ivo\.stmcufinder\plugins\mcufinder/ => C:\Users\Ivo\.stmcufinder\plugins\mcufinder
2025-01-31 16:21:36,427 [WARN] DbFile:41 - Overriding database path with different value: C:\Users\Ivo\.stmcufinder\plugins\mcufinder/ => C:\Users\Ivo\.stmcufinder\plugins\mcufinder
2025-01-31 16:21:36,427 [INFO] CrossReferenceDbSqlite:203 - Set database path to: C:\Users\Ivo\.stmcufinder\plugins\mcufinder//mcu/cs/
2025-01-31 16:21:36,478 [INFO] MainPanel:272 - HeapMemory: 268435456
2025-01-31 16:21:36,545 [INFO] DbMcusXml:78 - Set database path to: C:\ST\STM32CubeIDE_1.17.0\STM32CubeIDE\plugins\com.st.stm32cube.common.mx_6.13.0.202411220809\\db\/mcu/
2025-01-31 16:21:36,545 [INFO] ApiDb:274 - Set plugin database path to: C:\ST\STM32CubeIDE_1.17.0\STM32CubeIDE\plugins\com.st.stm32cube.common.mx_6.13.0.202411220809\\db\/plugins/boardmanager/
2025-01-31 16:21:36,545 [INFO] ApiDb:261 - Set plugin images path to: C:\ST\STM32CubeIDE_1.17.0\STM32CubeIDE\plugins\com.st.stm32cube.common.mx_6.13.0.202411220809\\db\/plugins/mcufinder/images/
2025-01-31 16:21:36,545 [WARN] DbFile:41 - Overriding database path with different value: C:\Users\Ivo\.stmcufinder\plugins\mcufinder/ => C:\Users\Ivo\.stmcufinder\plugins\mcufinder
2025-01-31 16:21:36,545 [INFO] ApiDb:250 - Set database path to: C:\Users\Ivo\.stmcufinder\plugins\mcufinder//mcu/
2025-01-31 16:21:36,545 [WARN] DbFile:41 - Overriding database path with different value: C:\Users\Ivo\.stmcufinder\plugins\mcufinder/ => C:\Users\Ivo\.stmcufinder\plugins\mcufinder
2025-01-31 16:21:36,546 [INFO] DbMcusAds:125 - Set database path to: C:\Users\Ivo\.stmcufinder\plugins\mcufinder//mcu/
2025-01-31 16:21:36,546 [WARN] DbFile:41 - Overriding database path with different value: C:\Users\Ivo\.stmcufinder\plugins\mcufinder/ => C:\Users\Ivo\.stmcufinder\plugins\mcufinder
2025-01-31 16:21:36,546 [WARN] DbFile:41 - Overriding database path with different value: C:\Users\Ivo\.stmcufinder\plugins\mcufinder/ => C:\Users\Ivo\.stmcufinder\plugins\mcufinder
2025-01-31 16:21:36,546 [INFO] CrossReferenceDbSqlite:203 - Set database path to: C:\Users\Ivo\.stmcufinder\plugins\mcufinder//mcu/cs/
2025-01-31 16:21:36,558 [INFO] ApplicationProperties:184 - Using Application install path: C:\ST\STM32CubeIDE_1.17.0\STM32CubeIDE\plugins\com.st.stm32cube.common.mx_6.13.0.202411220809
2025-01-31 16:21:36,559 [INFO] PluginManage:196 - Search for loadable plugins [exclusion list=, ]
2025-01-31 16:21:36,559 [INFO] PluginManage:310 - Check plugin analytics
2025-01-31 16:21:36,682 [INFO] AnalyticsPlugin:253 - Accepted Software Licenses: 
2025-01-31 16:21:36,682 [INFO] AnalyticsPlugin:255 - Accepted CMSIS Pack Licenses: 
2025-01-31 16:21:36,682 [INFO] AnalyticsPlugin:257 - Accepted Firmware Licenses: FW.F4.1.28.0
2025-01-31 16:21:36,685 [INFO] PluginManage:359 - Loaded plugin analytics (category:tool,tabindex:-1)
2025-01-31 16:21:36,685 [INFO] PluginManage:310 - Check plugin cadmodel
2025-01-31 16:21:36,691 [INFO] CADModel:105 - Init CAD model plugin
2025-01-31 16:21:36,691 [INFO] PluginManage:359 - Loaded plugin cadmodel (category:power,tabindex:5)
2025-01-31 16:21:36,691 [INFO] PluginManage:310 - Check plugin clock
2025-01-31 16:21:36,698 [INFO] PluginManage:359 - Loaded plugin clock (category:base,tabindex:2)
2025-01-31 16:21:36,698 [INFO] PluginManage:310 - Check plugin ddr
2025-01-31 16:21:36,700 [INFO] PluginManage:359 - Loaded plugin ddr (category:tool,tabindex:6)
2025-01-31 16:21:36,700 [INFO] PluginManage:310 - Check plugin filemanager
2025-01-31 16:21:36,792 [INFO] PluginManage:359 - Loaded plugin filemanager (category:base,tabindex:10)
2025-01-31 16:21:36,792 [INFO] PluginManage:310 - Check plugin ipmanager
2025-01-31 16:21:36,799 [INFO] PluginManage:359 - Loaded plugin ipmanager (category:base,tabindex:5)
2025-01-31 16:21:36,799 [INFO] PluginManage:310 - Check plugin lpbam
2025-01-31 16:21:36,804 [INFO] PluginManage:359 - Loaded plugin lpbam (category:base,tabindex:0)
2025-01-31 16:21:36,804 [INFO] PluginManage:310 - Check plugin memorymap
2025-01-31 16:21:36,812 [INFO] PluginManage:359 - Loaded plugin memorymap (category:base,tabindex:4)
2025-01-31 16:21:36,814 [INFO] PluginManage:310 - Check plugin pinoutandconfiguration
2025-01-31 16:21:36,820 [INFO] PluginManage:359 - Loaded plugin pinoutandconfiguration (category:base,tabindex:1)
2025-01-31 16:21:36,820 [INFO] PluginManage:310 - Check plugin pinoutconfig
2025-01-31 16:21:36,873 [WARN] SupportedApi:132 - Cannot load RTOS API schema: s4s-elt-must-match.1: The content of 'definitions' must match (annotation?, (simpleType | complexType)?, (unique | key | keyref)*)). A problem was found starting at: attribute.
2025-01-31 16:21:36,961 [INFO] PluginManage:359 - Loaded plugin pinoutconfig (category:base,tabindex:0)
2025-01-31 16:21:36,961 [INFO] PluginManage:310 - Check plugin power
2025-01-31 16:21:36,967 [INFO] PluginManage:359 - Loaded plugin power (category:power,tabindex:4)
2025-01-31 16:21:36,967 [INFO] PluginManage:310 - Check plugin projectmanager
2025-01-31 16:21:36,977 [INFO] PluginManage:359 - Loaded plugin projectmanager (category:projectmanager,tabindex:4)
2025-01-31 16:21:36,977 [INFO] PluginManage:310 - Check plugin rif
2025-01-31 16:21:36,982 [INFO] PluginManage:359 - Loaded plugin rif (category:base,tabindex:3)
2025-01-31 16:21:36,982 [INFO] PluginManage:310 - Check plugin thirdparty
2025-01-31 16:21:37,068 [INFO] PluginManage:359 - Loaded plugin thirdparty (category:base,tabindex:-1)
2025-01-31 16:21:37,068 [WARN] IntegrityCheckThread:84 - waiting for thirdparty lock release [integrity check]
2025-01-31 16:21:37,068 [INFO] PluginManage:310 - Check plugin tools
2025-01-31 16:21:37,068 [INFO] IntegrityCheckThread:86 - entering critical section [integrity check]
2025-01-31 16:21:37,068 [INFO] ThirdPartyUpdaterWithRetryManager:70 - Updater plugin not ready yet. [1/15]
2025-01-31 16:21:37,070 [INFO] PluginManage:359 - Loaded plugin tools (category:base,tabindex:7)
2025-01-31 16:21:37,070 [INFO] PluginManage:310 - Check plugin tutovideos
2025-01-31 16:21:37,175 [INFO] PluginManage:359 - Loaded plugin tutovideos (category:base,tabindex:-1)
2025-01-31 16:21:37,175 [INFO] PluginManage:310 - Check plugin updater
2025-01-31 16:21:37,188 [INFO] PluginManage:359 - Loaded plugin updater (category:base,tabindex:12)
2025-01-31 16:21:37,188 [INFO] PluginManage:310 - Check plugin userauth
2025-01-31 16:21:37,190 [INFO] UserAuth:118 - Init User Auth plugin
2025-01-31 16:21:37,192 [INFO] PluginManage:359 - Loaded plugin userauth (category:base,tabindex:14)
2025-01-31 16:21:37,192 [INFO] PluginManage:283 - PluginManage : Loaded plugins [18]
2025-01-31 16:21:37,347 [INFO] PinOutPanel:1589 - setPackage(No Configuration,No Configuration)
2025-01-31 16:21:37,406 [INFO] CADModel:165 - CPN selected for project level
2025-01-31 16:21:37,406 [INFO] CADModel:114 - Register for checkConnection events
2025-01-31 16:21:37,416 [INFO] IPUIPlugin:80 - create IPUIPlugin
2025-01-31 16:21:37,416 [INFO] PluginManager:220 - loadIPPluginJar : add adc
2025-01-31 16:21:37,418 [INFO] IPUIPlugin:80 - create IPUIPlugin
2025-01-31 16:21:37,418 [INFO] PluginManager:220 - loadIPPluginJar : add aes
2025-01-31 16:21:37,421 [INFO] IPUIPlugin:80 - create IPUIPlugin
2025-01-31 16:21:37,421 [INFO] PluginManager:220 - loadIPPluginJar : add can
2025-01-31 16:21:37,423 [INFO] IPUIPlugin:80 - create IPUIPlugin
2025-01-31 16:21:37,423 [INFO] PluginManager:220 - loadIPPluginJar : add comp
2025-01-31 16:21:37,424 [INFO] IPUIPlugin:80 - create IPUIPlugin
2025-01-31 16:21:37,424 [INFO] PluginManager:220 - loadIPPluginJar : add cryp
2025-01-31 16:21:37,426 [INFO] IPUIPlugin:80 - create IPUIPlugin
2025-01-31 16:21:37,426 [INFO] PluginManager:220 - loadIPPluginJar : add ddr_ctrl_phy
2025-01-31 16:21:37,428 [INFO] IPUIPlugin:80 - create IPUIPlugin
2025-01-31 16:21:37,428 [INFO] PluginManager:220 - loadIPPluginJar : add dfsdm
2025-01-31 16:21:37,431 [INFO] IPUIPlugin:80 - create IPUIPlugin
2025-01-31 16:21:37,432 [INFO] PluginManager:220 - loadIPPluginJar : add dma
2025-01-31 16:21:37,433 [INFO] IPUIPlugin:80 - create IPUIPlugin
2025-01-31 16:21:37,433 [INFO] PluginManager:220 - loadIPPluginJar : add dma3
2025-01-31 16:21:37,434 [INFO] IPUIPlugin:80 - create IPUIPlugin
2025-01-31 16:21:37,434 [INFO] PluginManager:220 - loadIPPluginJar : add extmemmanager
2025-01-31 16:21:37,435 [INFO] IPUIPlugin:80 - create IPUIPlugin
2025-01-31 16:21:37,435 [INFO] PluginManager:220 - loadIPPluginJar : add fatfs
2025-01-31 16:21:37,439 [INFO] IPUIPlugin:80 - create IPUIPlugin
2025-01-31 16:21:37,439 [INFO] PluginManager:220 - loadIPPluginJar : add fmc
2025-01-31 16:21:37,443 [INFO] IPUIPlugin:80 - create IPUIPlugin
2025-01-31 16:21:37,443 [INFO] PluginManager:220 - loadIPPluginJar : add freertos
2025-01-31 16:21:37,444 [INFO] IPUIPlugin:80 - create IPUIPlugin
2025-01-31 16:21:37,444 [INFO] PluginManager:220 - loadIPPluginJar : add genericplugin
2025-01-31 16:21:37,445 [INFO] IPUIPlugin:80 - create IPUIPlugin
2025-01-31 16:21:37,445 [INFO] PluginManager:220 - loadIPPluginJar : add gfxmmu
2025-01-31 16:21:37,448 [INFO] IPUIPlugin:80 - create IPUIPlugin
2025-01-31 16:21:37,448 [INFO] PluginManager:220 - loadIPPluginJar : add gic
2025-01-31 16:21:37,450 [INFO] IPUIPlugin:80 - create IPUIPlugin
2025-01-31 16:21:37,450 [INFO] PluginManager:220 - loadIPPluginJar : add gpio
2025-01-31 16:21:37,451 [INFO] IPUIPlugin:80 - create IPUIPlugin
2025-01-31 16:21:37,451 [INFO] PluginManager:220 - loadIPPluginJar : add gtzc
2025-01-31 16:21:37,453 [INFO] IPUIPlugin:80 - create IPUIPlugin
2025-01-31 16:21:37,453 [INFO] PluginManager:220 - loadIPPluginJar : add hash
2025-01-31 16:21:37,455 [INFO] IPUIPlugin:80 - create IPUIPlugin
2025-01-31 16:21:37,455 [INFO] PluginManager:220 - loadIPPluginJar : add i2c
2025-01-31 16:21:37,456 [INFO] IPUIPlugin:80 - create IPUIPlugin
2025-01-31 16:21:37,456 [INFO] PluginManager:220 - loadIPPluginJar : add i2s
2025-01-31 16:21:37,458 [INFO] IPUIPlugin:80 - create IPUIPlugin
2025-01-31 16:21:37,458 [INFO] PluginManager:220 - loadIPPluginJar : add i3c
2025-01-31 16:21:37,459 [INFO] IPUIPlugin:80 - create IPUIPlugin
2025-01-31 16:21:37,459 [INFO] PluginManager:220 - loadIPPluginJar : add ipddr
2025-01-31 16:21:37,464 [INFO] IPUIPlugin:80 - create IPUIPlugin
2025-01-31 16:21:37,464 [INFO] PluginManager:220 - loadIPPluginJar : add linkedlist
2025-01-31 16:21:37,467 [INFO] IPUIPlugin:80 - create IPUIPlugin
2025-01-31 16:21:37,467 [INFO] PluginManager:220 - loadIPPluginJar : add lorawan
2025-01-31 16:21:37,468 [INFO] IPUIPlugin:80 - create IPUIPlugin
2025-01-31 16:21:37,468 [INFO] PluginManager:220 - loadIPPluginJar : add ltdc
2025-01-31 16:21:37,471 [INFO] IPUIPlugin:80 - create IPUIPlugin
2025-01-31 16:21:37,471 [INFO] PluginManager:220 - loadIPPluginJar : add mdma
2025-01-31 16:21:37,472 [INFO] IPUIPlugin:80 - create IPUIPlugin
2025-01-31 16:21:37,472 [INFO] PluginManager:220 - loadIPPluginJar : add nvic
2025-01-31 16:21:37,475 [INFO] IPUIPlugin:80 - create IPUIPlugin
2025-01-31 16:21:37,475 [INFO] PluginManager:220 - loadIPPluginJar : add opamp
2025-01-31 16:21:37,478 [INFO] IPUIPlugin:80 - create IPUIPlugin
2025-01-31 16:21:37,478 [INFO] PluginManager:220 - loadIPPluginJar : add openamp
2025-01-31 16:21:37,480 [INFO] IPUIPlugin:80 - create IPUIPlugin
2025-01-31 16:21:37,480 [INFO] PluginManager:220 - loadIPPluginJar : add pdm2pcm
2025-01-31 16:21:37,483 [INFO] IPUIPlugin:80 - create IPUIPlugin
2025-01-31 16:21:37,483 [INFO] PluginManager:220 - loadIPPluginJar : add plateformsettings
2025-01-31 16:21:37,485 [INFO] IPUIPlugin:80 - create IPUIPlugin
2025-01-31 16:21:37,485 [INFO] PluginManager:220 - loadIPPluginJar : add quadspi
2025-01-31 16:21:37,487 [INFO] IPUIPlugin:80 - create IPUIPlugin
2025-01-31 16:21:37,487 [INFO] PluginManager:220 - loadIPPluginJar : add radio
2025-01-31 16:21:37,490 [INFO] IPUIPlugin:80 - create IPUIPlugin
2025-01-31 16:21:37,490 [INFO] PluginManager:220 - loadIPPluginJar : add resmgrutility
2025-01-31 16:21:37,492 [INFO] IPUIPlugin:80 - create IPUIPlugin
2025-01-31 16:21:37,492 [INFO] PluginManager:220 - loadIPPluginJar : add sai
2025-01-31 16:21:37,493 [INFO] IPUIPlugin:80 - create IPUIPlugin
2025-01-31 16:21:37,493 [INFO] PluginManager:220 - loadIPPluginJar : add spi
2025-01-31 16:21:37,496 [INFO] IPUIPlugin:80 - create IPUIPlugin
2025-01-31 16:21:37,496 [INFO] PluginManager:220 - loadIPPluginJar : add stm32_wpan
2025-01-31 16:21:37,498 [INFO] IPUIPlugin:80 - create IPUIPlugin
2025-01-31 16:21:37,498 [INFO] PluginManager:220 - loadIPPluginJar : add tim
2025-01-31 16:21:37,500 [INFO] IPUIPlugin:80 - create IPUIPlugin
2025-01-31 16:21:37,500 [INFO] PluginManager:220 - loadIPPluginJar : add touchsensing
2025-01-31 16:21:37,502 [INFO] IPUIPlugin:80 - create IPUIPlugin
2025-01-31 16:21:37,502 [INFO] PluginManager:220 - loadIPPluginJar : add tracer_emb
2025-01-31 16:21:37,503 [INFO] IPUIPlugin:80 - create IPUIPlugin
2025-01-31 16:21:37,503 [INFO] PluginManager:220 - loadIPPluginJar : add ts
2025-01-31 16:21:37,504 [INFO] IPUIPlugin:80 - create IPUIPlugin
2025-01-31 16:21:37,504 [INFO] PluginManager:220 - loadIPPluginJar : add tsc
2025-01-31 16:21:37,506 [INFO] IPUIPlugin:80 - create IPUIPlugin
2025-01-31 16:21:37,506 [INFO] PluginManager:220 - loadIPPluginJar : add ucpd
2025-01-31 16:21:37,507 [INFO] IPUIPlugin:80 - create IPUIPlugin
2025-01-31 16:21:37,508 [INFO] PluginManager:220 - loadIPPluginJar : add usart
2025-01-31 16:21:37,509 [INFO] IPUIPlugin:80 - create IPUIPlugin
2025-01-31 16:21:37,509 [INFO] PluginManager:220 - loadIPPluginJar : add usbx
2025-01-31 16:21:37,616 [FATAL] Updater:351 - Updater called before beeing initialized
2025-01-31 16:21:37,632 [INFO] RulesReader:64 - Compatibility file has been processed (297 Rules)
2025-01-31 16:21:37,638 [INFO] RulesReader:64 - Compatibility file has been processed (297 Rules)
2025-01-31 16:21:37,645 [INFO] CADModel:165 - CPN selected for project level
2025-01-31 16:21:37,645 [INFO] CADModel:114 - Register for checkConnection events
2025-01-31 16:21:37,645 [FATAL] Updater:351 - Updater called before beeing initialized
2025-01-31 16:21:37,645 [ERROR] CADModel:125 - Updater not yet initialized, retry later 
2025-01-31 16:21:37,756 [FATAL] Updater:351 - Updater called before beeing initialized
2025-01-31 16:21:37,758 [INFO] CADModel:165 - CPN selected for project level
2025-01-31 16:21:37,759 [INFO] CADModel:114 - Register for checkConnection events
2025-01-31 16:21:37,759 [FATAL] Updater:351 - Updater called before beeing initialized
2025-01-31 16:21:37,759 [ERROR] CADModel:125 - Updater not yet initialized, retry later 
2025-01-31 16:21:37,760 [FATAL] Updater:351 - Updater called before beeing initialized
2025-01-31 16:21:37,847 [FATAL] Updater:351 - Updater called before beeing initialized
2025-01-31 16:21:37,849 [INFO] DbMcusAds:53 - JSON generation date=Tue Dec 17 17:01:15 CET 2024 (1734451275111)
2025-01-31 16:21:37,850 [FATAL] Updater:351 - Updater called before beeing initialized
2025-01-31 16:21:37,875 [WARN] DetailPanel:346 - Failed to get advertising image, set to default
2025-01-31 16:21:38,036 [FATAL] Updater:351 - Updater called before beeing initialized
2025-01-31 16:21:38,038 [FATAL] Updater:351 - Updater called before beeing initialized
2025-01-31 16:21:38,038 [FATAL] Updater:351 - Updater called before beeing initialized
2025-01-31 16:21:38,038 [WARN] DetailPanel:346 - Failed to get advertising image, set to default
2025-01-31 16:21:38,039 [FATAL] Updater:351 - Updater called before beeing initialized
2025-01-31 16:21:38,069 [ERROR] Updater:1198 - MainUpdater not yet initialized. External WinMGr cannot be set.
2025-01-31 16:21:38,070 [INFO] Updater:1134 - Updater Version found : 6.13.0
2025-01-31 16:21:38,081 [INFO] ApplicationProperties:184 - Using Application install path: C:\ST\STM32CubeIDE_1.17.0\STM32CubeIDE\plugins\com.st.stm32cube.common.mx_6.13.0.202411220809
2025-01-31 16:21:39,646 [ERROR] LogOutputStream:75 - [STDERR_REDIRECT] Jan 31, 2025 4:21:39 PM java.util.prefs.WindowsPreferences <init>
2025-01-31 16:21:39,646 [ERROR] LogOutputStream:75 - [STDERR_REDIRECT] WARNING: Could not open/create prefs root node Software\JavaSoft\Prefs at root 0xffffffff80000002. Windows RegCreateKeyEx(...) returned error code 5.
2025-01-31 16:21:39,647 [ERROR] LogOutputStream:75 - [STDERR_REDIRECT] 
2025-01-31 16:21:39,881 [INFO] MainUpdater:2872 - connection check result : 10
2025-01-31 16:21:39,881 [INFO] MainUpdater:289 - Updater Check For Update Now.
2025-01-31 16:21:39,881 [INFO] MicroXplorer:498 - Change Database Version : DB.6.0.130
2025-01-31 16:21:39,884 [INFO] McuFinderGlobals:63 - Set McuFinder mode to 2 (CubeIDE integrated)
2025-01-31 16:21:39,885 [INFO] UserAuth:486 - Internet connection configuration mode: 1
2025-01-31 16:21:39,913 [INFO] JxBrowserEngine:152 - Initiate JxBrowser Engine with user profile folder
2025-01-31 16:21:40,032 [INFO] CheckServerUpdateThread:120 - End of CheckServer Thread
2025-01-31 16:21:40,268 [WARN] PackLoader:240 - Cannot read IP mode file for STMicroelectronics.FP-SNS-MOTENVWB1.1.4.0
2025-01-31 16:21:40,275 [WARN] PackLoader:240 - Cannot read IP mode file for STMicroelectronics.FP-ATR-ASTRA1.2.0.1
2025-01-31 16:21:40,280 [WARN] PackLoader:240 - Cannot read IP mode file for STMicroelectronics.X-CUBE-SMBUS.2.1.0
2025-01-31 16:21:40,283 [WARN] PackLoader:240 - Cannot read IP mode file for STMicroelectronics.X-CUBE-WB05N.1.1.0
2025-01-31 16:21:40,306 [WARN] PackLoader:240 - Cannot read IP mode file for STMicroelectronics.X-CUBE-AZRTOS-F7.1.1.0
2025-01-31 16:21:40,311 [WARN] PackLoader:240 - Cannot read IP mode file for STMicroelectronics.FP-SNS-FLIGHT1.5.0.2
2025-01-31 16:21:40,324 [WARN] PackLoader:240 - Cannot read IP mode file for Infineon.AIROC-Wi-Fi-Bluetooth-STM32.1.7.0
2025-01-31 16:21:40,334 [WARN] PackLoader:240 - Cannot read IP mode file for STMicroelectronics.X-CUBE-DISPLAY.3.0.0
2025-01-31 16:21:40,339 [WARN] PackLoader:240 - Cannot read IP mode file for STMicroelectronics.X-CUBE-BLE1.7.0.0
2025-01-31 16:21:40,342 [WARN] PackLoader:240 - Cannot read IP mode file for STMicroelectronics.X-CUBE-NFC10.1.0.0
2025-01-31 16:21:40,348 [WARN] PackLoader:240 - Cannot read IP mode file for STMicroelectronics.X-CUBE-BLEMGR.4.0.0
2025-01-31 16:21:40,354 [WARN] PackLoader:240 - Cannot read IP mode file for emotas.I-CUBE-CANOPEN.1.3.0
2025-01-31 16:21:40,357 [WARN] PackLoader:240 - Cannot read IP mode file for STMicroelectronics.X-CUBE-AI.10.0.0
2025-01-31 16:21:40,359 [WARN] PackLoader:240 - Cannot read IP mode file for STMicroelectronics.FP-SNS-SMARTAG2.1.2.0
2025-01-31 16:21:40,384 [WARN] PackLoader:240 - Cannot read IP mode file for STMicroelectronics.X-CUBE-MEMS1.11.1.0
2025-01-31 16:21:40,461 [INFO] LogOutputStream:77 - [STDOUT_REDIRECT] 1 : Invalid condition id : UX_CORESTACK_Condition cause : null
2025-01-31 16:21:40,462 [INFO] LogOutputStream:77 - [STDOUT_REDIRECT] 1 : Invalid condition id : UX_CORESTACK_Condition cause : null
2025-01-31 16:21:40,463 [INFO] LogOutputStream:77 - [STDOUT_REDIRECT] 1 : Invalid condition id : UX_CORESTACK_Condition cause : null
2025-01-31 16:21:40,464 [INFO] LogOutputStream:77 - [STDOUT_REDIRECT] 1 : Invalid condition id : UX_CORESTACK_Condition cause : null
2025-01-31 16:21:40,464 [INFO] LogOutputStream:77 - [STDOUT_REDIRECT] 1 : Invalid condition id : UX_CORESTACK_Condition cause : null
2025-01-31 16:21:40,465 [WARN] PackLoader:240 - Cannot read IP mode file for STMicroelectronics.X-CUBE-AZRTOS-WL.2.0.0
2025-01-31 16:21:40,471 [WARN] PackLoader:240 - Cannot read IP mode file for STMicroelectronics.FP-SNS-MOTENV1.5.0.0
2025-01-31 16:21:40,475 [WARN] PackLoader:240 - Cannot read IP mode file for wolfSSL.I-CUBE-wolfMQTT.1.19.0
2025-01-31 16:21:40,482 [WARN] PackLoader:240 - Cannot read IP mode file for WES.I-CUBE-Cesium.1.3.0
2025-01-31 16:21:40,491 [WARN] PackLoader:240 - Cannot read IP mode file for STMicroelectronics.X-CUBE-BLE2.3.3.0
2025-01-31 16:21:40,500 [WARN] PackLoader:240 - Cannot read IP mode file for STMicroelectronics.X-CUBE-NFC9.1.0.0
2025-01-31 16:21:40,510 [WARN] PackLoader:240 - Cannot read IP mode file for STMicroelectronics.X-CUBE-AZRTOS-G0.1.1.0
2025-01-31 16:21:40,519 [WARN] PackLoader:240 - Cannot read IP mode file for STMicroelectronics.X-CUBE-SAFEA1.1.2.2
2025-01-31 16:21:40,524 [WARN] PackLoader:240 - Cannot read IP mode file for STMicroelectronics.X-CUBE-NFC4.3.0.0
2025-01-31 16:21:40,536 [WARN] PackLoader:240 - Cannot read IP mode file for EmbeddedOffice.I-CUBE-FS-RTOS.1.0.1
2025-01-31 16:21:40,543 [WARN] PackLoader:240 - Cannot read IP mode file for STMicroelectronics.X-CUBE-TCPP.4.2.0
2025-01-31 16:21:40,548 [WARN] PackLoader:240 - Cannot read IP mode file for RealThread.X-CUBE-RT-Thread_Nano.4.1.1
2025-01-31 16:21:40,553 [WARN] PackLoader:240 - Cannot read IP mode file for STMicroelectronics.FP-ATR-SIGFOX1.3.2.0
2025-01-31 16:21:40,558 [WARN] ConditionMgr:438 - getConditionDescription Invalid condition id : Cortex-A Device cause : null
2025-01-31 16:21:40,594 [WARN] ConditionMgr:1044 - genDependencies : Invalid condition id : Cortex-A Device cause : null
2025-01-31 16:21:40,594 [WARN] ConditionMgr:1044 - genDependencies : Invalid condition id : Cortex-A Device cause : null
2025-01-31 16:21:40,594 [WARN] ConditionMgr:1044 - genDependencies : Invalid condition id : Cortex-A Device cause : null
2025-01-31 16:21:40,601 [WARN] PackLoader:240 - Cannot read IP mode file for STMicroelectronics.X-CUBE-EEPRMA1.5.1.0
2025-01-31 16:21:40,606 [WARN] PackLoader:240 - Cannot read IP mode file for wolfSSL.I-CUBE-wolfSSL.5.7.6
2025-01-31 16:21:40,612 [WARN] PackLoader:240 - Cannot read IP mode file for ITTIA_DB.I-CUBE-ITTIADB.8.9.0
2025-01-31 16:21:40,625 [WARN] PackLoader:240 - Cannot read IP mode file for SEGGER.I-CUBE-embOS.1.3.1
2025-01-31 16:21:40,642 [WARN] PackLoader:240 - Cannot read IP mode file for STMicroelectronics.X-CUBE-ALGOBUILD.1.4.0
2025-01-31 16:21:40,653 [WARN] PackLoader:240 - Cannot read IP mode file for STMicroelectronics.X-CUBE-AZRTOS-F4.1.1.0
2025-01-31 16:21:40,658 [WARN] PackLoader:240 - Cannot read IP mode file for STMicroelectronics.X-CUBE-ISPU.2.1.0
2025-01-31 16:21:40,667 [WARN] PackLoader:240 - Cannot read IP mode file for STMicroelectronics.X-CUBE-AZRTOS-L5.2.0.0
2025-01-31 16:21:40,674 [WARN] PackLoader:240 - Cannot read IP mode file for STMicroelectronics.X-CUBE-NFC6.3.1.0
2025-01-31 16:21:40,679 [WARN] PackLoader:240 - Cannot read IP mode file for STMicroelectronics.X-CUBE-DPower.1.2.0
2025-01-31 16:21:40,682 [WARN] PackLoader:240 - Cannot read IP mode file for STMicroelectronics.X-CUBE-FREERTOS.1.3.0
2025-01-31 16:21:40,685 [WARN] PackLoader:240 - Cannot read IP mode file for STMicroelectronics.X-CUBE-NFC7.1.0.1
2025-01-31 16:21:40,693 [WARN] ConditionMgr:438 - getConditionDescription Invalid condition id : LAN8742 Phy interface Condition cause : null
2025-01-31 16:21:40,693 [WARN] PackLoader:240 - Cannot read IP mode file for STMicroelectronics.X-CUBE-AZRTOS-L4.2.0.0
2025-01-31 16:21:40,693 [WARN] ConditionMgr:1044 - genDependencies : Invalid condition id : LAN8742 Phy interface Condition cause : null
2025-01-31 16:21:40,693 [WARN] ConditionMgr:1044 - genDependencies : Invalid condition id : LAN8742 Phy interface Condition cause : null
2025-01-31 16:21:40,694 [WARN] ConditionMgr:1044 - genDependencies : Invalid condition id : LAN8742 Phy interface Condition cause : null
2025-01-31 16:21:40,698 [WARN] PackLoader:240 - Cannot read IP mode file for STMicroelectronics.X-CUBE-SFXS2LP1.4.0.0
2025-01-31 16:21:40,709 [WARN] PackLoader:240 - Cannot read IP mode file for STMicroelectronics.X-CUBE-AZRTOS-H7.3.3.0
2025-01-31 16:21:40,716 [WARN] ConditionMgr:438 - getConditionDescription Invalid condition id : UX DEVICE CLASS RTOS Condition cause : null
2025-01-31 16:21:40,716 [WARN] ConditionMgr:438 - getConditionDescription Invalid condition id : UX DEVICE CLASS RTOS Condition cause : null
2025-01-31 16:21:40,717 [WARN] PackLoader:240 - Cannot read IP mode file for STMicroelectronics.X-CUBE-AZRTOS-WB.2.0.0
2025-01-31 16:21:40,717 [WARN] ConditionMgr:1044 - genDependencies : Invalid condition id : UX DEVICE CLASS RTOS Condition cause : null
2025-01-31 16:21:40,717 [WARN] ConditionMgr:1044 - genDependencies : Invalid condition id : UX DEVICE CLASS RTOS Condition cause : null
2025-01-31 16:21:40,718 [WARN] ConditionMgr:1044 - genDependencies : Invalid condition id : UX DEVICE CLASS RTOS Condition cause : null
2025-01-31 16:21:40,718 [WARN] ConditionMgr:1044 - genDependencies : Invalid condition id : UX DEVICE CLASS RTOS Condition cause : null
2025-01-31 16:21:40,718 [WARN] ConditionMgr:1044 - genDependencies : Invalid condition id : UX DEVICE CLASS RTOS Condition cause : null
2025-01-31 16:21:40,720 [WARN] PackLoader:240 - Cannot read IP mode file for STMicroelectronics.X-CUBE-GNSS1.7.0.1
2025-01-31 16:21:40,723 [WARN] PackLoader:240 - Cannot read IP mode file for STMicroelectronics.FP-SNS-STBOX1.2.0.0
2025-01-31 16:21:40,729 [WARN] PackLoader:240 - Cannot read IP mode file for STMicroelectronics.X-CUBE-SUBG2.5.0.0
2025-01-31 16:21:40,732 [WARN] PackLoader:240 - Cannot read IP mode file for Cesanta.I-CUBE-Mongoose.7.13.0
2025-01-31 16:21:40,738 [WARN] PackLoader:240 - Cannot read IP mode file for STMicroelectronics.X-CUBE-AZRTOS-G4.2.0.0
2025-01-31 16:21:40,745 [WARN] PackLoader:240 - Cannot read IP mode file for STMicroelectronics.X-CUBE-IPS.3.1.0
2025-01-31 16:21:40,749 [WARN] PackLoader:240 - Cannot read IP mode file for STMicroelectronics.X-CUBE-ALS.1.0.2
2025-01-31 16:21:40,754 [WARN] PackLoader:240 - Cannot read IP mode file for STMicroelectronics.X-CUBE-TOUCHGFX.4.24.2
2025-01-31 16:21:40,756 [WARN] PackLoader:240 - Cannot read IP mode file for wolfSSL.I-CUBE-wolfTPM.3.4.0
2025-01-31 16:21:40,758 [WARN] PackLoader:240 - Cannot read IP mode file for portGmbH.I-Cube-SoM-uGOAL.1.1.0
2025-01-31 16:21:40,764 [WARN] PackLoader:240 - Cannot read IP mode file for STMicroelectronics.X-CUBE-AZRTOS-H7RS.1.0.0
2025-01-31 16:21:40,770 [WARN] PackLoader:240 - Cannot read IP mode file for STMicroelectronics.X-CUBE-TOF1.3.4.2
2025-01-31 16:21:40,779 [WARN] PackLoader:240 - Cannot read IP mode file for wolfSSL.I-CUBE-wolfSSH.1.4.17
2025-01-31 16:21:40,780 [INFO] ThirdParty:978 - Integrity check success = true
2025-01-31 16:21:40,780 [INFO] IntegrityCheckThread:100 - exiting critical section [integrity check]
2025-01-31 16:21:40,780 [INFO] IntegrityCheckThread:103 - End integrity checks thread
2025-01-31 16:21:40,984 [INFO] WebApp:168 - Instantiating new browser for Auth
2025-01-31 16:21:41,572 [INFO] WebApp:449 - Apply proxy settings
2025-01-31 16:21:41,573 [INFO] WebApp:534 - Chromium requires no authentication
2025-01-31 16:21:41,593 [INFO] WebApp:477 - Direct internet connection detected
2025-01-31 16:21:41,636 [INFO] WebApp:880 - Register for checkConnection events
2025-01-31 16:21:41,636 [INFO] WebApp:449 - Apply proxy settings
2025-01-31 16:21:41,636 [INFO] WebApp:534 - Chromium requires no authentication
2025-01-31 16:21:41,636 [INFO] WebApp:477 - Direct internet connection detected
2025-01-31 16:21:41,820 [INFO] WebApp:187 - Connection restablished
2025-01-31 16:21:41,860 [INFO] WebApp:221 - Starting web application
2025-01-31 16:21:41,860 [INFO] WebApp:579 - Web application path used C:\ST\STM32CubeIDE_1.17.0\STM32CubeIDE\plugins\com.st.stm32cube.common.mx_6.13.0.202411220809\db\plugins\mcufinder\reactClient1\index.html
2025-01-31 16:21:41,920 [INFO] UserAuth:486 - Internet connection configuration mode: 1
2025-01-31 20:09:17,265 [ERROR] AdobePublisher:162 - Exception while opening the connection: java.net.UnknownHostException: stmicroelectronics.d3.sc.omtrdc.net
2025-01-31 20:09:17,265 [ERROR] AdobePublisher:162 - Exception while opening the connection: java.net.UnknownHostException: stmicroelectronics.d3.sc.omtrdc.net
2025-01-31 20:09:17,265 [ERROR] AdobePublisher:162 - Exception while opening the connection: java.net.UnknownHostException: stmicroelectronics.d3.sc.omtrdc.net
2025-01-31 20:09:17,266 [ERROR] AdobePublisher:162 - Exception while opening the connection: java.net.UnknownHostException: stmicroelectronics.d3.sc.omtrdc.net
2025-01-31 20:09:17,266 [ERROR] AdobePublisher:162 - Exception while opening the connection: java.net.UnknownHostException: stmicroelectronics.d3.sc.omtrdc.net
2025-01-31 20:09:17,283 [ERROR] AdobePublisher:162 - Exception while opening the connection: java.net.UnknownHostException: stmicroelectronics.d3.sc.omtrdc.net
2025-01-31 20:09:17,283 [ERROR] AdobePublisher:162 - Exception while opening the connection: java.net.UnknownHostException: stmicroelectronics.d3.sc.omtrdc.net
2025-01-31 20:09:17,283 [ERROR] AdobePublisher:162 - Exception while opening the connection: java.net.UnknownHostException: stmicroelectronics.d3.sc.omtrdc.net
2025-01-31 20:09:17,283 [ERROR] AdobePublisher:162 - Exception while opening the connection: java.net.UnknownHostException: stmicroelectronics.d3.sc.omtrdc.net
2025-01-31 20:09:17,283 [ERROR] AdobePublisher:162 - Exception while opening the connection: java.net.UnknownHostException: stmicroelectronics.d3.sc.omtrdc.net
